<?xml version="1.0" encoding="UTF-8"?>
<!-- Generated by org.testng.reporters.JUnitReportReporter -->
<testsuite hostname="Roshan" failures="0" tests="1" name="com.actitime.testscript.Demo" time="0.001" errors="0" timestamp="2022-12-23T15:37:41 IST" skipped="0">
  <testcase classname="com.actitime.testscript.Demo" name="testDemo" time="0.001"/>
  <system-out>
    <![CDATA[welcome]]>
  </system-out>
</testsuite> <!-- com.actitime.testscript.Demo -->
