<?xml version="1.0" encoding="UTF-8"?>
<!-- Generated by org.testng.reporters.JUnitReportReporter -->
<testsuite hostname="Roshan" failures="0" tests="2" name="com.actitime.testscript.TaskModule1" time="116.160" errors="0" timestamp="2022-12-29T12:05:39 IST" skipped="0">
  <testcase classname="com.actitime.testscript.TaskModule1" name="createTask" time="95.202"/>
  <system-out>
    <![CDATA[create task ]]>
  </system-out>
  <testcase classname="com.actitime.testscript.TaskModule1" name="deleteTask" time="20.958"/>
  <system-out>
    <![CDATA[delete task]]>
  </system-out>
</testsuite> <!-- com.actitime.testscript.TaskModule1 -->
