<?xml version="1.0" encoding="UTF-8"?>
<!-- Generated by org.testng.reporters.JUnitReportReporter -->
<testsuite hostname="Roshan" failures="0" tests="3" name="com.actitime.testscript.taskmodule" time="0.003" errors="0" timestamp="2022-12-23T15:37:41 IST" skipped="0">
  <testcase classname="com.actitime.testscript.taskmodule" name="createtask" time="0.001"/>
  <system-out>
    <![CDATA[createtask]]>
  </system-out>
  <testcase classname="com.actitime.testscript.taskmodule" name="modifytask" time="0.001"/>
  <system-out>
    <![CDATA[modifytask]]>
  </system-out>
  <testcase classname="com.actitime.testscript.taskmodule" name="deletetask" time="0.001"/>
  <system-out>
    <![CDATA[deletetask]]>
  </system-out>
</testsuite> <!-- com.actitime.testscript.taskmodule -->
