<?xml version="1.0" encoding="UTF-8"?>
<!-- Generated by org.testng.reporters.JUnitReportReporter -->
<testsuite hostname="Roshan" failures="0" tests="3" name="com.actitime.testscript.DemoSoftAssert" time="42.562" errors="0" timestamp="2023-01-29T15:43:01 IST" skipped="0">
  <testcase classname="com.actitime.testscript.DemoSoftAssert" name="verifyrTitle" time="19.326"/>
  <system-out/>
  <testcase classname="com.actitime.testscript.DemoSoftAssert" name="verifyrTitle" time="3.031"/>
  <system-out/>
  <testcase classname="com.actitime.testscript.DemoSoftAssert" name="verifyTitle" time="20.205"/>
  <system-out/>
</testsuite> <!-- com.actitime.testscript.DemoSoftAssert -->
