<?xml version="1.0" encoding="UTF-8"?>
<!-- Generated by org.testng.reporters.JUnitReportReporter -->
<testsuite hostname="Roshan" failures="0" tests="1" name="com.actitime.testscript.Screenshot1" time="19.542" errors="0" timestamp="2022-12-28T11:40:36 IST" skipped="0">
  <testcase classname="com.actitime.testscript.Screenshot1" name="screenShot" time="19.542"/>
  <system-out/>
</testsuite> <!-- com.actitime.testscript.Screenshot1 -->
