<?xml version="1.0" encoding="UTF-8"?>
<!-- Generated by org.testng.reporters.JUnitReportReporter -->
<testsuite hostname="Roshan" failures="0" tests="1" name="com.actitime.testscript.DemoAssertIfElse" time="3.926" errors="0" timestamp="2023-01-29T15:41:32 IST" skipped="0">
  <testcase classname="com.actitime.testscript.DemoAssertIfElse" name="verifyTitle" time="3.926"/>
  <system-out/>
</testsuite> <!-- com.actitime.testscript.DemoAssertIfElse -->
