<?xml version="1.0" encoding="UTF-8"?>
<!-- Generated by org.testng.reporters.JUnitReportReporter -->
<testsuite hostname="Roshan" failures="0" tests="3" name="com.actitime.testscript.CustomerModule" time="0.003" errors="0" timestamp="2022-12-23T15:37:41 IST" skipped="0">
  <testcase classname="com.actitime.testscript.CustomerModule" name="createCustomer" time="0.001"/>
  <system-out>
    <![CDATA[createCustomer]]>
  </system-out>
  <testcase classname="com.actitime.testscript.CustomerModule" name="modifyCustomer" time="0.001"/>
  <system-out>
    <![CDATA[modifyCustomer]]>
  </system-out>
  <testcase classname="com.actitime.testscript.CustomerModule" name="deleteCustomer" time="0.001"/>
  <system-out>
    <![CDATA[deleteCustomer]]>
  </system-out>
</testsuite> <!-- com.actitime.testscript.CustomerModule -->
