<?xml version="1.0" encoding="UTF-8"?>
<!-- Generated by org.testng.reporters.JUnitReportReporter -->
<testsuite hostname="Roshan" failures="0" tests="3" name="com.actitime.testscript.ProjectModule1" time="49.207" errors="0" timestamp="2022-12-29T12:00:01 IST" skipped="0">
  <testcase classname="com.actitime.testscript.ProjectModule1" name="modifyModule" time="24.432"/>
  <system-out>
    <![CDATA[modify project]]>
  </system-out>
  <testcase classname="com.actitime.testscript.ProjectModule1" name="createModule" time="10.852"/>
  <system-out>
    <![CDATA[create project]]>
  </system-out>
  <testcase classname="com.actitime.testscript.ProjectModule1" name="deleteModule" time="13.923"/>
  <system-out>
    <![CDATA[delete project]]>
  </system-out>
</testsuite> <!-- com.actitime.testscript.ProjectModule1 -->
