<?xml version="1.0" encoding="UTF-8"?>
<!-- Generated by org.testng.reporters.JUnitReportReporter -->
<testsuite hostname="Roshan" failures="0" tests="1" name="com.actitime.testscript.Alertpopup" time="5.653" errors="0" timestamp="2023-01-29T16:17:38 IST" skipped="0">
  <testcase classname="com.actitime.testscript.Alertpopup" name="alert" time="5.653"/>
  <system-out/>
</testsuite> <!-- com.actitime.testscript.Alertpopup -->
